% sigma=[0.5 0.6] c=[0.0 2.0]
error: 0.138190 sigma: 0.540993    c: 1.303505
error: 0.136710 sigma: 0.594398    c: 1.653002
error: 0.127797 sigma: 0.522817    c: 1.697284
error: 0.127155 sigma: 0.565103    c: 1.649334
error: 0.127146 sigma: 0.560485    c: 1.626009
error: 0.123008 sigma: 0.530906    c: 1.107679
error: 0.119550 sigma: 0.528402    c: 1.594627
error: 0.117510 sigma: 0.534608    c: 1.833623
                     
% sigma=[0.5 0.6] c=[1.0 1.2]  
error: 0.140948 sigma: 0.589578    c: 1.156001
error: 0.125723 sigma: 0.549216    c: 1.007491
error: 0.125077 sigma: 0.595289    c: 1.037718
error: 0.124301 sigma: 0.559419    c: 1.195381
error: 0.118190 sigma: 0.548186    c: 1.070160
error: 0.112610 sigma: 0.539343    c: 1.162347

% sigma=[0.5 0.6] c=[0.0 2.0]
error: 0.118903 sigma: 0.533719639 c: 1.928384864
error: 0.114746 sigma: 0.548942781 c: 1.709684679
error: 0.115479 sigma: 0.557025847 c: 1.999422220
error: 0.123702 sigma: 0.580077532 c: 0.885035027
error: 0.123760 sigma: 0.521753122 c: 1.864986416
error: 0.124368 sigma: 0.567476987 c: 1.292082263
error: 0.123726 sigma: 0.574623165 c: 1.711855411
error: 0.123721 sigma: 0.561377105 c: 1.913121388
error: 0.122284 sigma: 0.530922472 c: 1.521371536


% sigma=[2^-7 2^11] c=[2^-7 2^11]
error: 0.128592 sigma: 0.765475742 c: 19.288200839
error: 0.128549 sigma: 0.875722406 c: 19.980087236
error: 0.127869 sigma: 0.660652682 c: 2.161605176
error: 0.127203 sigma: 0.615567629 c: 21.112584558
error: 0.126542 sigma: 0.533382178 c: 228.139271102
error: 0.123697 sigma: 0.612218872 c: 136.983324224
error: 0.122237 sigma: 0.623007818 c: 3.900950673
error: 0.118942 sigma: 0.665753253 c: 57.866211899
error: 0.117462 sigma: 0.837775254 c: 94.774819336


% sigma=[0.3 1.3] c=[2^-7 2^10]
error: 0.129880 sigma: 0.684658022 c: 1.896095418
error: 0.129291 sigma: 0.529028799 c: 23.075593455
error: 0.125067 sigma: 0.670757815 c: 336.729040450
error: 0.123784 sigma: 0.709579398 c: 12.885081351
error: 0.123707 sigma: 0.670980951 c: 177.599283190
error: 0.123003 sigma: 0.696050943 c: 319.452512171
error: 0.122222 sigma: 0.640488831 c: 5.833023462
error: 0.118760 sigma: 0.792902199 c: 256.804165103
error: 0.116188 sigma: 0.809714762 c: 5.609376671

% sigma=[0.5 0.9] c=[2^-7 2^9]
error: 0.129310 sigma: 0.875839007 c: 196.740757151
error: 0.129176 sigma: 0.546806589 c: 1.667170901
error: 0.128554 sigma: 0.692711089 c: 39.089991153
error: 0.127869 sigma: 0.541441960 c: 293.541360118
error: 0.127864 sigma: 0.631477076 c: 1.242222382
error: 0.127280 sigma: 0.819956904 c: 3.652967134
error: 0.127227 sigma: 0.710184349 c: 3.248873748
error: 0.127131 sigma: 0.673406262 c: 48.466359011
error: 0.127126 sigma: 0.758855499 c: 3.239606339
error: 0.126537 sigma: 0.727752206 c: 2.413285410
error: 0.126389 sigma: 0.660480346 c: 167.426962912
error: 0.125790 sigma: 0.738039516 c: 143.327048508
error: 0.125690 sigma: 0.589926880 c: 30.060742064
error: 0.124454 sigma: 0.564281399 c: 57.529900107
error: 0.124368 sigma: 0.715430490 c: 11.354187791
error: 0.123812 sigma: 0.727729982 c: 57.986426079
error: 0.123712 sigma: 0.787653711 c: 6.512335880
error: 0.123683 sigma: 0.535543688 c: 10.486003289
error: 0.123022 sigma: 0.647715077 c: 159.384078375
error: 0.122433 sigma: 0.660838967 c: 237.568966014
error: 0.122299 sigma: 0.737617085 c: 36.100353755
error: 0.121595 sigma: 0.814713406 c: 6.238143093
error: 0.120852 sigma: 0.703306586 c: 8.281979948
error: 0.120192 sigma: 0.747965451 c: 27.299018178
error: 0.119559 sigma: 0.672394589 c: 5.477502294
error: 0.118166 sigma: 0.556201641 c: 1.316157273
error: 0.117548 sigma: 0.660176016 c: 200.472571424
error: 0.116830 sigma: 0.713188289 c: 21.681477620
--- error: 0.110000 sigma: 0.741561491 c: 9.820265117 ---